Build started 3/26/2018 11:51:03 AM.
     1>Project "C:\Users\James\Desktop\Github\School\CS421\ChhunJ_prog1\ChhunJ_prog1\ChhunJ_prog1.vcxproj" on node 2 (Build target(s)).
     1>ClCompile:
         C:\Program Files (x86)\Microsoft Visual Studio 11.0\VC\bin\CL.exe /c /ZI /nologo /W3 /WX- /sdl /Od /Oy- /D WIN32 /D _DEBUG /D _CONSOLE /D _UNICODE /D UNICODE /Gm /EHsc /RTC1 /MDd /GS /fp:precise /Zc:wchar_t /Zc:forScope /Yu"stdafx.h" /Fp"Debug\ChhunJ_prog1.pch" /Fo"Debug\\" /Fd"Debug\vc110.pdb" /Gd /TP /analyze- /errorReport:prompt ChhunJ_prog1.cpp
         ChhunJ_prog1.cpp
     1>c:\users\james\desktop\github\school\cs421\chhunj_prog1\chhunj_prog1\chhunj_prog1.cpp(30): warning C4627: '#include <iostream>': skipped when looking for precompiled header use
                 Add directive to 'stdafx.h' or rebuild precompiled header
     1>c:\users\james\desktop\github\school\cs421\chhunj_prog1\chhunj_prog1\chhunj_prog1.cpp(31): warning C4627: '#include <fstream>': skipped when looking for precompiled header use
                 Add directive to 'stdafx.h' or rebuild precompiled header
     1>c:\users\james\desktop\github\school\cs421\chhunj_prog1\chhunj_prog1\chhunj_prog1.cpp(32): warning C4627: '#include <string>': skipped when looking for precompiled header use
                 Add directive to 'stdafx.h' or rebuild precompiled header
     1>c:\users\james\desktop\github\school\cs421\chhunj_prog1\chhunj_prog1\chhunj_prog1.cpp(33): warning C4627: '#include <vector>': skipped when looking for precompiled header use
                 Add directive to 'stdafx.h' or rebuild precompiled header
     1>c:\users\james\desktop\github\school\cs421\chhunj_prog1\chhunj_prog1\chhunj_prog1.cpp(849): fatal error C1010: unexpected end of file while looking for precompiled header. Did you forget to add '#include "stdafx.h"' to your source?
     1>Done Building Project "C:\Users\James\Desktop\Github\School\CS421\ChhunJ_prog1\ChhunJ_prog1\ChhunJ_prog1.vcxproj" (Build target(s)) -- FAILED.

Build FAILED.

Time Elapsed 00:00:00.17
